Determining if the pthread_create exist failed with the following output:
Change Dir: /home/n2omatt/ss/CMakeFiles/CMakeTmp

Run Build Command:"/usr/bin/make" "cmTC_4a7ad/fast"
/usr/bin/make -f CMakeFiles/cmTC_4a7ad.dir/build.make CMakeFiles/cmTC_4a7ad.dir/build
make[1]: Entering directory '/home/n2omatt/ss/CMakeFiles/CMakeTmp'
Building C object CMakeFiles/cmTC_4a7ad.dir/CheckSymbolExists.c.o
/usr/bin/cc     -o CMakeFiles/cmTC_4a7ad.dir/CheckSymbolExists.c.o   -c /home/n2omatt/ss/CMakeFiles/CMakeTmp/CheckSymbolExists.c
Linking C executable cmTC_4a7ad
/usr/bin/cmake -E cmake_link_script CMakeFiles/cmTC_4a7ad.dir/link.txt --verbose=1
/usr/bin/cc       CMakeFiles/cmTC_4a7ad.dir/CheckSymbolExists.c.o  -o cmTC_4a7ad -rdynamic 
CMakeFiles/cmTC_4a7ad.dir/CheckSymbolExists.c.o: In function `main':
CheckSymbolExists.c:(.text+0x16): undefined reference to `pthread_create'
collect2: error: ld returned 1 exit status
CMakeFiles/cmTC_4a7ad.dir/build.make:97: recipe for target 'cmTC_4a7ad' failed
make[1]: *** [cmTC_4a7ad] Error 1
make[1]: Leaving directory '/home/n2omatt/ss/CMakeFiles/CMakeTmp'
Makefile:126: recipe for target 'cmTC_4a7ad/fast' failed
make: *** [cmTC_4a7ad/fast] Error 2

File /home/n2omatt/ss/CMakeFiles/CMakeTmp/CheckSymbolExists.c:
/* */
#include <pthread.h>

int main(int argc, char** argv)
{
  (void)argv;
#ifndef pthread_create
  return ((int*)(&pthread_create))[argc];
#else
  (void)argc;
  return 0;
#endif
}

Determining if the function pthread_create exists in the pthreads failed with the following output:
Change Dir: /home/n2omatt/ss/CMakeFiles/CMakeTmp

Run Build Command:"/usr/bin/make" "cmTC_105a7/fast"
/usr/bin/make -f CMakeFiles/cmTC_105a7.dir/build.make CMakeFiles/cmTC_105a7.dir/build
make[1]: Entering directory '/home/n2omatt/ss/CMakeFiles/CMakeTmp'
Building C object CMakeFiles/cmTC_105a7.dir/CheckFunctionExists.c.o
/usr/bin/cc    -DCHECK_FUNCTION_EXISTS=pthread_create   -o CMakeFiles/cmTC_105a7.dir/CheckFunctionExists.c.o   -c /usr/share/cmake-3.5/Modules/CheckFunctionExists.c
Linking C executable cmTC_105a7
/usr/bin/cmake -E cmake_link_script CMakeFiles/cmTC_105a7.dir/link.txt --verbose=1
/usr/bin/cc   -DCHECK_FUNCTION_EXISTS=pthread_create    CMakeFiles/cmTC_105a7.dir/CheckFunctionExists.c.o  -o cmTC_105a7 -rdynamic -lpthreads 
/usr/bin/ld: cannot find -lpthreads
collect2: error: ld returned 1 exit status
CMakeFiles/cmTC_105a7.dir/build.make:97: recipe for target 'cmTC_105a7' failed
make[1]: *** [cmTC_105a7] Error 1
make[1]: Leaving directory '/home/n2omatt/ss/CMakeFiles/CMakeTmp'
Makefile:126: recipe for target 'cmTC_105a7/fast' failed
make: *** [cmTC_105a7/fast] Error 2


